ISim log file
Running: C:\Company\GitProject\rarchhazi\spi_rom_proba\test_bench_isim_beh.exe -intstyle ise -gui -tclbatch isim.cmd -wdb C:/Company/GitProject/rarchhazi/spi_rom_proba/test_bench_isim_beh.wdb 
ISim P.20131013 (signature 0x7708f090)
This is a Full version of ISim.
WARNING: File "C:/Company/GitProject/rarchhazi/spi_rom_proba/top_module.v" Line 32.  For instance uut/interface/, width 1 of formal port amba_command is not equal to width 2 of actual variable amba_reg_select. 
WARNING: File "C:/Company/GitProject/rarchhazi/spi_rom_proba/top_module.v" Line 33.  For instance uut/interface/, width 2 of formal port amba_reg_select is not equal to width 1 of actual variable amba_comm_in. 
Time resolution is 1 ps
# onerror resume
# wave add /
# run 1000 ns
Simulator is doing circuit initialization process.
Finished circuit initialization process.
# run 100.00us
# run 100.00us
ISim P.20131013 (signature 0x7708f090)
This is a Full version of ISim.
WARNING: File "C:/Company/GitProject/rarchhazi/spi_rom_proba/top_module.v" Line 32.  For instance uut/interface/, width 1 of formal port amba_command is not equal to width 2 of actual variable amba_reg_select. 
WARNING: File "C:/Company/GitProject/rarchhazi/spi_rom_proba/top_module.v" Line 33.  For instance uut/interface/, width 2 of formal port amba_reg_select is not equal to width 1 of actual variable amba_comm_in. 
# run 1000 ns
Simulator is doing circuit initialization process.
Finished circuit initialization process.
# run 100.00us
ISim P.20131013 (signature 0x7708f090)
This is a Full version of ISim.
WARNING: File "C:/Company/GitProject/rarchhazi/spi_rom_proba/top_module.v" Line 32.  For instance uut/interface/, width 1 of formal port amba_command is not equal to width 2 of actual variable amba_reg_select. 
WARNING: File "C:/Company/GitProject/rarchhazi/spi_rom_proba/top_module.v" Line 33.  For instance uut/interface/, width 2 of formal port amba_reg_select is not equal to width 1 of actual variable amba_comm_in. 
# run 1000 ns
Simulator is doing circuit initialization process.
Finished circuit initialization process.
ISim P.20131013 (signature 0x7708f090)
This is a Full version of ISim.
WARNING: File "C:/Company/GitProject/rarchhazi/spi_rom_proba/top_module.v" Line 32.  For instance uut/interface/, width 1 of formal port amba_command is not equal to width 2 of actual variable amba_reg_select. 
WARNING: File "C:/Company/GitProject/rarchhazi/spi_rom_proba/top_module.v" Line 33.  For instance uut/interface/, width 2 of formal port amba_reg_select is not equal to width 1 of actual variable amba_comm_in. 
# run 1000 ns
Simulator is doing circuit initialization process.
Finished circuit initialization process.
# run 100.00us
# run 100.00us
# run 100.00us
# run 100.00us
# run 100.00us
# run 100.00us
# run 100.00us
# run 100.00us
# run 100.00us
# run 100.00us
ISim P.20131013 (signature 0x7708f090)
This is a Full version of ISim.
WARNING: File "C:/Company/GitProject/rarchhazi/spi_rom_proba/top_module.v" Line 32.  For instance uut/interface/, width 1 of formal port amba_command is not equal to width 2 of actual variable amba_reg_select. 
WARNING: File "C:/Company/GitProject/rarchhazi/spi_rom_proba/top_module.v" Line 33.  For instance uut/interface/, width 2 of formal port amba_reg_select is not equal to width 1 of actual variable amba_comm_in. 
# run 1000 ns
Simulator is doing circuit initialization process.
Finished circuit initialization process.
# run 100.00us
# run 100.00us
# run 100.00us
ISim P.20131013 (signature 0x7708f090)
This is a Full version of ISim.
WARNING: File "C:/Company/GitProject/rarchhazi/spi_rom_proba/top_module.v" Line 32.  For instance uut/interface/, width 1 of formal port amba_command is not equal to width 2 of actual variable amba_reg_select. 
WARNING: File "C:/Company/GitProject/rarchhazi/spi_rom_proba/top_module.v" Line 33.  For instance uut/interface/, width 2 of formal port amba_reg_select is not equal to width 1 of actual variable amba_comm_in. 
# run 1000 ns
Simulator is doing circuit initialization process.
Finished circuit initialization process.
# run 100.00us
# run 100.00us
# run 100.00us
